<?xml version="1.0" encoding="UTF-8"?>
<!-- Generated by org.testng.reporters.JUnitReportReporter -->
<testsuite hostname="Dnis-352" name="asai.ui.runners.ASAIRunner" tests="1" failures="0" timestamp="19 Jan 2023 03:10:27 GMT" time="54.995" errors="0">
  <testcase name="runScenario" time="54.995" classname="asai.ui.runners.ASAIRunner"/>
</testsuite> <!-- asai.ui.runners.ASAIRunner -->
